[2026-04-13 13:01:15] === 6-HOUR TRAINING MASTER STARTED ===
[2026-04-13 13:01:15] Bot: https://2wallets-algo-production.up.railway.app
[2026-04-13 13:01:15] [START] Taking state snapshot...
  Version: 2.4.0
  Registry: ? | Nursery: 41 | Born: ?
  Armed: ? | Open: ? | Closed: ?
  PnL: ? SOL | Trades: 0 | WR: 0%
  States: {}
[2026-04-13 13:01:15] 
[2026-04-13 13:01:15] ################################################################
[2026-04-13 13:01:15]   SESSION 1 / 6 — STARTING
[2026-04-13 13:01:15] ################################################################
[2026-04-13 13:01:15] Session 1 | Check #1 | 60min remaining
[2026-04-13 13:01:15] [S1-CHECK1] Taking state snapshot...
  Version: 2.4.0
  Registry: ? | Nursery: 41 | Born: ?
  Armed: ? | Open: ? | Closed: ?
  PnL: ? SOL | Trades: 0 | WR: 0%
  States: {}
  Blocked→Armed pipeline: 4 tokens blocked | 0 armed
  FLOORED & READY: Rudi MC=$10386 floor=$10386 aboveFloor=0%
  FLOORED & READY: Camila  MC=$15154 floor=$12444 aboveFloor=21.8%
  FLOORED & READY: ALPHA MC=$4368 floor=$4368 aboveFloor=0%
  FLOORED & READY: CrazyFrog MC=$15289 floor=$15289 aboveFloor=0%
[2026-04-13 13:06:16] Session 1 | Check #2 | 54min remaining
[2026-04-13 13:06:16] [S1-CHECK2] Taking state snapshot...
  Version: 2.4.0
  Registry: ? | Nursery: 62 | Born: ?
  Armed: ? | Open: ? | Closed: ?
  PnL: ? SOL | Trades: 0 | WR: 0%
  States: {}
  Blocked→Armed pipeline: 34 tokens blocked | 0 armed
  FLOORED & READY: Rudi MC=$9006 floor=$7387 aboveFloor=21.9%
  FLOORED & READY: Camila  MC=$11934 floor=$10881 aboveFloor=9.7%
  FLOORED & READY: ALPHA MC=$4374 floor=$4368 aboveFloor=0.1%
  FLOORED & READY: CrazyFrog MC=$16820 floor=$14940 aboveFloor=12.6%
  FLOORED & READY: PENGUIN MC=$10734 floor=$7509 aboveFloor=43%
  FLOORED & READY: Bunny  MC=$4317 floor=$4314 aboveFloor=0.1%
  FLOORED & READY: BULLINA MC=$16549 floor=$13366 aboveFloor=23.8%
[2026-04-13 13:11:17] Session 1 | Check #3 | 49min remaining
[2026-04-13 13:11:17] [S1-CHECK3] Taking state snapshot...
  Version: 2.4.1
  Registry: ? | Nursery: 64 | Born: ?
  Armed: ? | Open: ? | Closed: ?
  PnL: ? SOL | Trades: 0 | WR: 0%
  States: {}
  Blocked→Armed pipeline: 5 tokens blocked | 4 armed
  !! GATE VIOLATION: virgin - HISTORY
  !! GATE VIOLATION: BULLINA - HISTORY
  !! GATE VIOLATION: Together - HISTORY
  !! GATE VIOLATION: 💋 - HISTORY
  FLOORED & READY: COW MC=$15407 floor=$15407 aboveFloor=0%
  FLOORED & READY: bel MC=$7085 floor=$7085 aboveFloor=0%
  FLOORED & READY: Psyop MC=$18210 floor=$16772 aboveFloor=8.6%
[2026-04-13 13:16:18] Session 1 | Check #4 | 44min remaining
[2026-04-13 13:16:18] [S1-CHECK4] Taking state snapshot...
  Version: 2.4.2
  Registry: ? | Nursery: 20 | Born: ?
  Armed: ? | Open: ? | Closed: ?
  PnL: ? SOL | Trades: 0 | WR: 0%
  States: {}
  Blocked→Armed pipeline: 4 tokens blocked | 1 armed
  !! GATE VIOLATION: Camila  - QUALITY
  FLOORED & READY: trumpmemes MC=$14510 floor=$14170 aboveFloor=2.4%
  FLOORED & READY: defi MC=$12917 floor=$12360 aboveFloor=4.5%
  FLOORED & READY: PATRICK MC=$8726 floor=$8012 aboveFloor=8.9%
[2026-04-13 13:21:19] Session 1 | Check #5 | 39min remaining
[2026-04-13 13:21:19] [S1-CHECK5] Taking state snapshot...
  Version: 2.5.0
  Registry: ? | Nursery: 28 | Born: ?
  Armed: ? | Open: ? | Closed: ?
  PnL: ? SOL | Trades: 1 | WR: 0%
  States: {}
  Blocked→Armed pipeline: 2 tokens blocked | 0 armed
  FLOORED & READY: 💋 MC=$13331 floor=$12239 aboveFloor=8.9%
[2026-04-13 13:26:19] Session 1 | Check #6 | 34min remaining
[2026-04-13 13:26:19] [S1-CHECK6] Taking state snapshot...
  Version: 2.5.0
  Registry: ? | Nursery: 61 | Born: ?
  Armed: ? | Open: ? | Closed: ?
  PnL: ? SOL | Trades: 10 | WR: 40%
  States: {}
  Blocked→Armed pipeline: 22 tokens blocked | 4 armed
  !! GATE VIOLATION: BULLINA - RE_ENTRY
  !! GATE VIOLATION: 💋 - SELL_PRESSURE
  !! GATE VIOLATION: PENGUIN - HISTORY
  !! GATE VIOLATION: Together - SELL_PRESSURE
  FLOORED & READY: UPRIL MC=$5741 floor=$5645 aboveFloor=1.7%
  FLOORED & READY: VOICEBOX MC=$8674 floor=$6356 aboveFloor=36.5%
  FLOORED & READY: ONE MC=$8552 floor=$8493 aboveFloor=0.7%
[2026-04-13 13:31:20] Session 1 | Check #7 | 29min remaining
[2026-04-13 13:31:20] [S1-CHECK7] Taking state snapshot...
  Version: 2.5.0
  Registry: ? | Nursery: 54 | Born: ?
  Armed: ? | Open: ? | Closed: ?
  PnL: ? SOL | Trades: 13 | WR: 46.2%
  States: {}
  Blocked→Armed pipeline: 50 tokens blocked | 2 armed
  !! GATE VIOLATION: HANGHANG - SELL_PRESSURE
  FLOORED & READY: UPRIL MC=$5745 floor=$5645 aboveFloor=1.8%
  FLOORED & READY: BULLINA MC=$19959 floor=$9792 aboveFloor=103.8%
  FLOORED & READY: HailMary  MC=$6305 floor=$6305 aboveFloor=0%
  FLOORED & READY: trumpmemes MC=$7658 floor=$4376 aboveFloor=75%
  FLOORED & READY: ONE MC=$9066 floor=$8493 aboveFloor=6.7%
  FLOORED & READY: OILLESS MC=$8624 floor=$8616 aboveFloor=0.1%
  FLOORED & READY: CrazyFrog MC=$16690 floor=$8296 aboveFloor=101.2%
  FLOORED & READY: PENGUIN MC=$5143 floor=$4161 aboveFloor=23.6%
  FLOORED & READY: Rudi MC=$19850 floor=$10558 aboveFloor=88%
  FLOORED & READY: Together MC=$6536 floor=$4824 aboveFloor=35.5%
[2026-04-13 13:36:22] Session 1 | Check #8 | 24min remaining
[2026-04-13 13:36:22] [S1-CHECK8] Taking state snapshot...
  Version: 2.5.0
  Registry: ? | Nursery: 53 | Born: ?
  Armed: ? | Open: ? | Closed: ?
  PnL: ? SOL | Trades: 13 | WR: 46.2%
  States: {}
  Blocked→Armed pipeline: 50 tokens blocked | 1 armed
  FLOORED & READY: UPRIL MC=$5780 floor=$5645 aboveFloor=2.4%
  FLOORED & READY: BULLINA MC=$19818 floor=$9792 aboveFloor=102.4%
  FLOORED & READY: HailMary  MC=$6297 floor=$6297 aboveFloor=0%
  FLOORED & READY: trumpmemes MC=$8635 floor=$4376 aboveFloor=97.3%
  FLOORED & READY: OILLESS MC=$8614 floor=$8614 aboveFloor=0%
  FLOORED & READY: CrazyFrog MC=$14104 floor=$8296 aboveFloor=70%
  FLOORED & READY: PENGUIN MC=$5779 floor=$4161 aboveFloor=38.9%
  FLOORED & READY: Rudi MC=$23237 floor=$10558 aboveFloor=120.1%
  FLOORED & READY: Together MC=$6837 floor=$4824 aboveFloor=41.7%
[2026-04-13 13:41:23] Session 1 | Check #9 | 19min remaining
[2026-04-13 13:41:23] [S1-CHECK9] Taking state snapshot...
  Version: 2.5.0
  Registry: ? | Nursery: 89 | Born: ?
  Armed: ? | Open: ? | Closed: ?
  PnL: ? SOL | Trades: 13 | WR: 46.2%
  States: {}
  Blocked→Armed pipeline: 50 tokens blocked | 2 armed
  FLOORED & READY: UPRIL MC=$5781 floor=$5645 aboveFloor=2.4%
  FLOORED & READY: BULLINA MC=$18119 floor=$9792 aboveFloor=85%
  FLOORED & READY: HailMary  MC=$6304 floor=$6289 aboveFloor=0.2%
  FLOORED & READY: trumpmemes MC=$9042 floor=$4376 aboveFloor=106.6%
  FLOORED & READY: OILLESS MC=$8628 floor=$8607 aboveFloor=0.2%
  FLOORED & READY: CrazyFrog MC=$16149 floor=$8296 aboveFloor=94.7%
  FLOORED & READY: Rudi MC=$33807 floor=$10558 aboveFloor=220.2%
  FLOORED & READY: Together MC=$9155 floor=$4824 aboveFloor=89.8%
[2026-04-13 13:46:24] Session 1 | Check #10 | 14min remaining
[2026-04-13 13:46:24] [S1-CHECK10] Taking state snapshot...
  Version: 2.5.0
  Registry: ? | Nursery: 73 | Born: ?
  Armed: ? | Open: ? | Closed: ?
  PnL: ? SOL | Trades: 14 | WR: 42.9%
  States: {}
  Blocked→Armed pipeline: 50 tokens blocked | 2 armed
  !! GATE VIOLATION: HANGHANG - HISTORY
  FLOORED & READY: UPRIL MC=$5780 floor=$5645 aboveFloor=2.4%
  FLOORED & READY: BULLINA MC=$21051 floor=$9792 aboveFloor=115%
  FLOORED & READY: HailMary  MC=$6304 floor=$6289 aboveFloor=0.2%
  FLOORED & READY: trumpmemes MC=$7800 floor=$4376 aboveFloor=78.3%
  FLOORED & READY: OILLESS MC=$8628 floor=$8607 aboveFloor=0.2%
  FLOORED & READY: CrazyFrog MC=$15864 floor=$8296 aboveFloor=91.2%
  FLOORED & READY: Together MC=$7577 floor=$4824 aboveFloor=57.1%
  FLOORED & READY: bel MC=$6698 floor=$6698 aboveFloor=0%
[2026-04-13 13:51:25] Session 1 | Check #11 | 9min remaining
[2026-04-13 13:51:25] [S1-CHECK11] Taking state snapshot...
  Version: 2.5.0
  Registry: ? | Nursery: 36 | Born: ?
  Armed: ? | Open: ? | Closed: ?
  PnL: ? SOL | Trades: 14 | WR: 42.9%
  States: {}
  Blocked→Armed pipeline: 50 tokens blocked | 3 armed
  !! GATE VIOLATION: Together - HISTORY
  !! GATE VIOLATION: bel - SELL_PRESSURE
  FLOORED & READY: UPRIL MC=$5787 floor=$5645 aboveFloor=2.5%
  FLOORED & READY: BULLINA MC=$16443 floor=$9792 aboveFloor=67.9%
  FLOORED & READY: HailMary  MC=$6312 floor=$6289 aboveFloor=0.4%
  FLOORED & READY: trumpmemes MC=$6955 floor=$4376 aboveFloor=58.9%
  FLOORED & READY: OILLESS MC=$8638 floor=$8607 aboveFloor=0.4%
  FLOORED & READY: CrazyFrog MC=$17851 floor=$8296 aboveFloor=115.2%
[2026-04-13 13:56:27] Session 1 | Check #12 | 4min remaining
[2026-04-13 13:56:27] [S1-CHECK12] Taking state snapshot...
  Version: 2.5.0
  Registry: ? | Nursery: 74 | Born: ?
  Armed: ? | Open: ? | Closed: ?
  PnL: ? SOL | Trades: 14 | WR: 42.9%
  States: {}
  Blocked→Armed pipeline: 50 tokens blocked | 1 armed
  FLOORED & READY: UPRIL MC=$5782 floor=$5645 aboveFloor=2.4%
  FLOORED & READY: BULLINA MC=$19044 floor=$9792 aboveFloor=94.5%
  FLOORED & READY: HailMary  MC=$6307 floor=$6289 aboveFloor=0.3%
  FLOORED & READY: trumpmemes MC=$6922 floor=$4376 aboveFloor=58.2%
  FLOORED & READY: OILLESS MC=$8497 floor=$8497 aboveFloor=0%
  FLOORED & READY: CrazyFrog MC=$19013 floor=$8296 aboveFloor=129.2%
  FLOORED & READY: Together MC=$4849 floor=$4181 aboveFloor=16%
[2026-04-13 14:01:28] 
[2026-04-13 14:01:28] Session 1 COMPLETE — Running comprehensive review...

================================================================================
  SESSION 1 HOURLY REVIEW — 2026-04-13T07:01:28.501964+00:00
  Log: /Users/kashanrana/Downloads/Printar/2wallets/./data/session_1_2026-04-13T14-01.jsonl
================================================================================

  [1] SCANNING PUMP.FUN FOR BONDED / HIGH-PERFORMING COINS...
    Found 137 total coins | 74 bonded | 81 significant (ATH>$15K)

  [2] CROSS-REFERENCING WITH OUR REGISTRY...
    Caught: 6 | Missed: 75 | Missed bonded: 70

  [3] TRADE ANALYSIS...

  [4] GATE COMPLIANCE...

  [5] ERROR ACCOUNTING (our errors + data provider errors)...

  [6] ASSEMBLING REPORT...

================================================================================
  SESSION 1 REPORT
================================================================================

  BOT STATUS
    Version: 2.5.0 | Registry: 299 | Nursery: 80 | Born total: 634
    PnL: +0.076052 SOL | Trades: 14 | WR: 42.9%
    States: {'FLOORED': 216, 'BLACKLISTED': 12, 'BUYING': 4, 'INDEXED': 57, 'CLOSED': 1, 'ARMED': 1, 'WATCHING': 8}

  TRADE ANALYSIS (17 trades)
    Together     entry=$  4333 exit=$  4247 PnL=-4.0% hold=81s reason=SELLER_EXIT [EXITED_EARLY_ATH_WAS_$33387]
    HANGHANG     entry=$ 14911 exit=$ 14759 PnL=-3.0% hold=0s reason=SELLER_EXIT [INSTANT_EXIT | EXITED_EARLY_ATH_WAS_$32060]
    HANGHANG     entry=$ 14702 exit=$ 15817 PnL=+5.6% hold=177s reason=SELLER_EXIT [clean]
    HANGHANG     entry=$ 16356 exit=$ 16539 PnL=-0.9% hold=81s reason=SELLER_EXIT [EXITED_EARLY_ATH_WAS_$32060]
    trumpmemes   entry=$  5043 exit=$  6248 PnL=+21.9% hold=10s reason=TAKE_PROFIT [clean]
    Together     entry=$  5576 exit=$  5407 PnL=-5.0% hold=0s reason=SELLER_EXIT [INSTANT_EXIT | BIG_LOSS_-5.0% | EXITED_EARLY_ATH_WAS_$33387]
    PENGUIN      entry=$  5580 exit=$  6502 PnL=+14.5% hold=60s reason=SELLER_EXIT [clean]
    CrazyFrog    entry=$  8615 exit=$ 10047 PnL=+14.6% hold=84s reason=SELLER_EXIT [clean]
    trumpmemes   entry=$ 10225 exit=$ 10810 PnL=+3.7% hold=16s reason=SELLER_EXIT [clean]
    MUMU         entry=$  8021 exit=$  8826 PnL=+8.0% hold=0s reason=SELLER_EXIT [INSTANT_EXIT]
    PENGUIN      entry=$  5120 exit=$  5192 PnL=-0.6% hold=56s reason=SELLER_EXIT [EXITED_EARLY_ATH_WAS_$13777]
    Fish         entry=$  4143 exit=$  4143 PnL=-2.0% hold=0s reason=SELLER_EXIT [INSTANT_EXIT | EXITED_EARLY_ATH_WAS_$13112]
    MUMU         entry=$ 11206 exit=$ 11013 PnL=-3.7% hold=0s reason=SELLER_EXIT [INSTANT_EXIT | EXITED_EARLY_ATH_WAS_$22371]
    BULLINA      entry=$ 10107 exit=$ 11020 PnL=+7.0% hold=70s reason=SELLER_EXIT [clean]
    MUMU         entry=$ 14151 exit=$ 13775 PnL=-4.7% hold=0s reason=SELLER_EXIT [INSTANT_EXIT | EXITED_EARLY_ATH_WAS_$22371]
    Fish         entry=$  4756 exit=$  4996 PnL=+3.0% hold=3s reason=SELLER_EXIT [clean]
    Fish         entry=$  8577 exit=$  8133 PnL=-7.2% hold=2s reason=STOP_LOSS [BIG_LOSS_-7.2% | EXITED_EARLY_ATH_WAS_$13112]

  MARKET COVERAGE
    Significant coins (ATH>$15K): 81
    Bonded coins: 74
    WE CAUGHT: 6 | WE MISSED: 75 | Coverage: 7.4%

    -- CAUGHT (top 10) --
    Amiko        ATH=$77,612,289 MC=$32,764,806 state=WATCHING traded=False
    LOL          ATH=$13,008,585 MC=$9,241,108 state=WATCHING traded=False
    TOKABULL     ATH=$  53,724 MC=$  36,784 state=INDEXED traded=False
    Together     ATH=$  33,387 MC=$   4,077 state=CLOSED traded=True
    CrazyFrog    ATH=$  30,564 MC=$  15,592 state=FLOORED traded=True
    MUMU         ATH=$  22,371 MC=$  14,438 state=BLACKLISTED traded=True

    -- MISSED (top 15) --
    arc          ATH=$198,981,519,414,813,135,994,880 MC=$74,928,122 bonded=True WHY: CREATED_703312min_AGO (before our session), NEVER_DISCOVERED
    jellyjelly   ATH=$41,315,276,438,395,127,070,720 MC=$42,683,092 bonded=True WHY: CREATED_631172min_AGO (before our session), NEVER_DISCOVERED
    ACT          ATH=$1,514,846,291,602,225,233,920 MC=$11,779,367 bonded=True WHY: CREATED_778774min_AGO (before our session), NEVER_DISCOVERED
    Ban          ATH=$1,477,008,809,447,220,314,112 MC=$89,068,107 bonded=True WHY: CREATED_769977min_AGO (before our session), NEVER_DISCOVERED
    Bert         ATH=$788,236,065,884,624,300,000 MC=$8,302,108 bonded=True WHY: CREATED_805465min_AGO (before our session), NEVER_DISCOVERED
    AVA          ATH=$454,352,570,038,418,400,000 MC=$6,832,137 bonded=True WHY: CREATED_742340min_AGO (before our session), NEVER_DISCOVERED
    ZEREBRO      ATH=$219,586,748,850,361,830,000 MC=$9,115,378 bonded=True WHY: CREATED_770467min_AGO (before our session), NEVER_DISCOVERED
    pippin       ATH=$9,023,316,820,413,354,000 MC=$26,573,102 bonded=True WHY: CREATED_748010min_AGO (before our session), NEVER_DISCOVERED
    Fartcoin     ATH=$428,151,807,937 MC=$189,468,749 bonded=True WHY: CREATED_780536min_AGO (before our session), NEVER_DISCOVERED
    Verse        ATH=$1,182,361,153 MC=$2,543,273 bonded=False WHY: NEVER_DISCOVERED
    ALCH         ATH=$436,749,870 MC=$53,555,898 bonded=True WHY: CREATED_722228min_AGO (before our session), NEVER_DISCOVERED
    CHILLGUY     ATH=$247,386,435 MC=$13,087,160 bonded=True WHY: CREATED_798150min_AGO (before our session), NEVER_DISCOVERED
    WhiteWhale   ATH=$207,437,545 MC=$6,207,555 bonded=True WHY: CREATED_262400min_AGO (before our session), NEVER_DISCOVERED
    Pnut         ATH=$207,288,444 MC=$40,457,156 bonded=True WHY: CREATED_761320min_AGO (before our session), NEVER_DISCOVERED
    CINO         ATH=$192,840,718 MC=$9,254,766 bonded=False WHY: NEVER_DISCOVERED

  GATE COMPLIANCE
    Violations: 0 | Stuck WATCHING: 0 | Stale: 54

  ERROR ACCOUNTING
    Spot-checked: 10 tokens
    Data errors found: 2
    [MC_DRIFT] mayhem: PumpPortal may have stopped sending ticks, or our refresh failed
    [MC_DRIFT] mayhem: PumpPortal may have stopped sending ticks, or our refresh failed

  POSSIBLE ERROR SOURCES (to account for in analysis)
    - PumpPortal: can misclassify buy/sell, report stale solAmount, silently drop subscriptions
    - Our bot: MC direction override can flip sells to buys for catalyst, floor detection on thin data
    - Pump.fun API: phantom MC (real_sol=0 but high MC), stale ATH, delayed migration status

  RECOMMENDATIONS FOR NEXT SESSION
    1. DISCOVERY_TOO_NARROW: We're missing more runners than we catch. Consider lowering nursery promotion thresholds or seeding more aggressively.
    2. DATA_ERRORS: 2 data integrity issues found. See errorAccounting for details.

  Log saved to: /Users/kashanrana/Downloads/Printar/2wallets/./data/session_1_2026-04-13T14-01.jsonl
================================================================================

[2026-04-13 14:01:51] Session 1 review done.
[2026-04-13 14:01:51] 
[2026-04-13 14:01:51] 
[2026-04-13 14:01:51] ################################################################
[2026-04-13 14:01:51]   SESSION 2 / 6 — STARTING
[2026-04-13 14:01:51] ################################################################
[2026-04-13 14:01:51] Session 2 | Check #1 | 60min remaining
[2026-04-13 14:01:51] [S2-CHECK1] Taking state snapshot...
  Version: 2.5.0
  Registry: ? | Nursery: 89 | Born: ?
  Armed: ? | Open: ? | Closed: ?
  PnL: ? SOL | Trades: 15 | WR: 40%
  States: {}
  Blocked→Armed pipeline: 50 tokens blocked | 1 armed
  FLOORED & READY: UPRIL MC=$5778 floor=$5645 aboveFloor=2.4%
  FLOORED & READY: BULLINA MC=$18498 floor=$9792 aboveFloor=88.9%
  FLOORED & READY: HailMary  MC=$6301 floor=$6289 aboveFloor=0.2%
  FLOORED & READY: VOICEBOX MC=$7227 floor=$4413 aboveFloor=63.8%
  FLOORED & READY: OILLESS MC=$8332 floor=$7863 aboveFloor=6%
  FLOORED & READY: CrazyFrog MC=$15487 floor=$8296 aboveFloor=86.7%
[2026-04-13 14:06:52] Session 2 | Check #2 | 54min remaining
[2026-04-13 14:06:52] [S2-CHECK2] Taking state snapshot...
  Version: 2.5.0
  Registry: ? | Nursery: 41 | Born: ?
  Armed: ? | Open: ? | Closed: ?
  PnL: ? SOL | Trades: 15 | WR: 40%
  States: {}
  Blocked→Armed pipeline: 50 tokens blocked | 2 armed
  !! GATE VIOLATION: Together - SELL_PRESSURE
  FLOORED & READY: UPRIL MC=$5772 floor=$5645 aboveFloor=2.3%
  FLOORED & READY: BULLINA MC=$18853 floor=$9792 aboveFloor=92.5%
  FLOORED & READY: HailMary  MC=$6295 floor=$6289 aboveFloor=0.1%
  FLOORED & READY: VOICEBOX MC=$7104 floor=$4413 aboveFloor=61%
  FLOORED & READY: OILLESS MC=$8069 floor=$7863 aboveFloor=2.6%
  FLOORED & READY: CrazyFrog MC=$17247 floor=$8296 aboveFloor=107.9%
[2026-04-13 14:11:54] Session 2 | Check #3 | 49min remaining
[2026-04-13 14:11:54] [S2-CHECK3] Taking state snapshot...
  Version: 2.5.0
  Registry: ? | Nursery: 78 | Born: ?
  Armed: ? | Open: ? | Closed: ?
  PnL: ? SOL | Trades: 17 | WR: 47.1%
  States: {}
  Blocked→Armed pipeline: 50 tokens blocked | 4 armed
  !! GATE VIOLATION: OILLESS - HISTORY
  !! GATE VIOLATION: Together - HISTORY
  FLOORED & READY: UPRIL MC=$5769 floor=$5645 aboveFloor=2.2%
  FLOORED & READY: BULLINA MC=$15990 floor=$9792 aboveFloor=63.3%
  FLOORED & READY: HailMary  MC=$6292 floor=$6289 aboveFloor=0%
  FLOORED & READY: VOICEBOX MC=$6566 floor=$4413 aboveFloor=48.8%
  FLOORED & READY: CrazyFrog MC=$21948 floor=$8296 aboveFloor=164.6%
[2026-04-13 14:16:55] Session 2 | Check #4 | 44min remaining
[2026-04-13 14:16:55] [S2-CHECK4] Taking state snapshot...
  Version: 2.5.0
  Registry: ? | Nursery: 53 | Born: ?
  Armed: ? | Open: ? | Closed: ?
  PnL: ? SOL | Trades: 18 | WR: 50%
  States: {}
  Blocked→Armed pipeline: 50 tokens blocked | 4 armed
  !! GATE VIOLATION: TRAIN - HISTORY
  FLOORED & READY: UPRIL MC=$5765 floor=$5645 aboveFloor=2.1%
  FLOORED & READY: BULLINA MC=$16192 floor=$9792 aboveFloor=65.4%
  FLOORED & READY: HailMary  MC=$6288 floor=$6288 aboveFloor=0%
  FLOORED & READY: VOICEBOX MC=$7362 floor=$4413 aboveFloor=66.8%
  FLOORED & READY: OILLESS MC=$6628 floor=$6628 aboveFloor=0%
  FLOORED & READY: CrazyFrog MC=$21998 floor=$8296 aboveFloor=165.2%
  FLOORED & READY: Together MC=$4130 floor=$3989 aboveFloor=3.5%
[2026-04-13 14:21:56] Session 2 | Check #5 | 39min remaining
[2026-04-13 14:21:56] [S2-CHECK5] Taking state snapshot...
  Version: 2.5.0
  Registry: ? | Nursery: 51 | Born: ?
  Armed: ? | Open: ? | Closed: ?
  PnL: ? SOL | Trades: 18 | WR: 50%
  States: {}
  Blocked→Armed pipeline: 50 tokens blocked | 3 armed
  !! GATE VIOLATION: AIJESUS - SELL_PRESSURE
  !! GATE VIOLATION: COW - SELL_PRESSURE
  FLOORED & READY: UPRIL MC=$5760 floor=$5645 aboveFloor=2.1%
  FLOORED & READY: BULLINA MC=$17097 floor=$9792 aboveFloor=74.6%
  FLOORED & READY: HailMary  MC=$6283 floor=$6283 aboveFloor=0%
  FLOORED & READY: VOICEBOX MC=$9763 floor=$4413 aboveFloor=121.2%
  FLOORED & READY: ONE MC=$8627 floor=$8493 aboveFloor=1.6%
  FLOORED & READY: OILLESS MC=$6622 floor=$6622 aboveFloor=0%
  FLOORED & READY: CrazyFrog MC=$19393 floor=$8296 aboveFloor=133.8%
  FLOORED & READY: PENGUIN MC=$4008 floor=$2964 aboveFloor=35.2%
[2026-04-13 14:26:57] Session 2 | Check #6 | 34min remaining
[2026-04-13 14:26:57] [S2-CHECK6] Taking state snapshot...
  Version: 2.5.0
  Registry: ? | Nursery: 76 | Born: ?
  Armed: ? | Open: ? | Closed: ?
  PnL: ? SOL | Trades: 18 | WR: 50%
  States: {}
  Blocked→Armed pipeline: 50 tokens blocked | 3 armed
  !! GATE VIOLATION: OR - HISTORY
  FLOORED & READY: UPRIL MC=$5738 floor=$5645 aboveFloor=1.7%
  FLOORED & READY: BULLINA MC=$15573 floor=$9792 aboveFloor=59%
  FLOORED & READY: HailMary  MC=$6268 floor=$6266 aboveFloor=0%
  FLOORED & READY: VOICEBOX MC=$13622 floor=$4413 aboveFloor=208.7%
  FLOORED & READY: OILLESS MC=$6602 floor=$6602 aboveFloor=0%
  FLOORED & READY: CrazyFrog MC=$15614 floor=$8296 aboveFloor=88.2%
[2026-04-13 14:31:58] Session 2 | Check #7 | 29min remaining
[2026-04-13 14:31:58] [S2-CHECK7] Taking state snapshot...
  Version: 2.5.1
  Registry: ? | Nursery: 85 | Born: ?
  Armed: ? | Open: ? | Closed: ?
  PnL: ? SOL | Trades: 0 | WR: 0%
  States: {}
  Blocked→Armed pipeline: 0 tokens blocked | 0 armed
[2026-04-13 14:36:59] Session 2 | Check #8 | 24min remaining
[2026-04-13 14:36:59] [S2-CHECK8] Taking state snapshot...
  Version: 2.5.1
  Registry: ? | Nursery: 138 | Born: ?
  Armed: ? | Open: ? | Closed: ?
  PnL: ? SOL | Trades: 3 | WR: 33.3%
  States: {}
  Blocked→Armed pipeline: 26 tokens blocked | 0 armed
  FLOORED & READY: ONE MC=$8529 floor=$8070 aboveFloor=5.7%
  FLOORED & READY: HUTT MC=$14313 floor=$13928 aboveFloor=2.8%
  FLOORED & READY: Samba MC=$9085 floor=$6360 aboveFloor=42.8%
  FLOORED & READY: CAGE MC=$6447 floor=$4579 aboveFloor=40.8%
[2026-04-13 14:42:01] Session 2 | Check #9 | 19min remaining
[2026-04-13 14:42:01] [S2-CHECK9] Taking state snapshot...
  Version: 2.5.1
  Registry: ? | Nursery: 96 | Born: ?
  Armed: ? | Open: ? | Closed: ?
  PnL: ? SOL | Trades: 4 | WR: 25%
  States: {}
  Blocked→Armed pipeline: 50 tokens blocked | 2 armed
  FLOORED & READY: ONE MC=$8046 floor=$8046 aboveFloor=0%
  FLOORED & READY: HUTT MC=$13278 floor=$13278 aboveFloor=0%
  FLOORED & READY: Samba MC=$8188 floor=$6343 aboveFloor=29.1%
  FLOORED & READY: VOICEBOX MC=$12098 floor=$10477 aboveFloor=15.5%
[2026-04-13 14:47:02] Session 2 | Check #10 | 14min remaining
[2026-04-13 14:47:02] [S2-CHECK10] Taking state snapshot...
  Version: 2.5.1
  Registry: ? | Nursery: 28 | Born: ?
  Armed: ? | Open: ? | Closed: ?
  PnL: ? SOL | Trades: 8 | WR: 12.5%
  States: {}
  Blocked→Armed pipeline: 50 tokens blocked | 2 armed
  !! GATE VIOLATION: Psyop - SELL_PRESSURE
  FLOORED & READY: ONE MC=$8042 floor=$8042 aboveFloor=0%
  FLOORED & READY: HUTT MC=$13285 floor=$13278 aboveFloor=0.1%
  FLOORED & READY: Samba MC=$13612 floor=$6343 aboveFloor=114.6%
[2026-04-13 14:52:03] Session 2 | Check #11 | 9min remaining
[2026-04-13 14:52:03] [S2-CHECK11] Taking state snapshot...
  Version: 2.5.1
  Registry: ? | Nursery: 44 | Born: ?
  Armed: ? | Open: ? | Closed: ?
  PnL: ? SOL | Trades: 10 | WR: 20%
  States: {}
  Blocked→Armed pipeline: 50 tokens blocked | 2 armed
  FLOORED & READY: ONE MC=$8227 floor=$7977 aboveFloor=3.1%
  FLOORED & READY: HUTT MC=$13305 floor=$13278 aboveFloor=0.2%
  FLOORED & READY: Samba MC=$12498 floor=$6343 aboveFloor=97%
[2026-04-13 14:57:04] Session 2 | Check #12 | 4min remaining
[2026-04-13 14:57:04] [S2-CHECK12] Taking state snapshot...
  Version: 2.5.1
  Registry: ? | Nursery: 41 | Born: ?
  Armed: ? | Open: ? | Closed: ?
  PnL: ? SOL | Trades: 10 | WR: 20%
  States: {}
  Blocked→Armed pipeline: 50 tokens blocked | 3 armed
  !! GATE VIOLATION: 阿杭 - HISTORY
  FLOORED & READY: ONE MC=$8328 floor=$7977 aboveFloor=4.4%
  FLOORED & READY: HUTT MC=$13684 floor=$13278 aboveFloor=3.1%
  FLOORED & READY: Samba MC=$9147 floor=$6343 aboveFloor=44.2%
  FLOORED & READY: VOICEBOX MC=$11241 floor=$9790 aboveFloor=14.8%
[2026-04-13 15:02:05] 
[2026-04-13 15:02:05] Session 2 COMPLETE — Running comprehensive review...

================================================================================
  SESSION 2 HOURLY REVIEW — 2026-04-13T08:02:05.758457+00:00
  Log: /Users/kashanrana/Downloads/Printar/2wallets/./data/session_2_2026-04-13T15-02.jsonl
================================================================================

  [1] SCANNING PUMP.FUN FOR BONDED / HIGH-PERFORMING COINS...
    Found 135 total coins | 76 bonded | 5 significant (ATH>$15K)

  [2] CROSS-REFERENCING WITH OUR REGISTRY...
    Caught: 0 | Missed: 5 | Missed bonded: 5

  [3] TRADE ANALYSIS...

  [4] GATE COMPLIANCE...

  [5] ERROR ACCOUNTING (our errors + data provider errors)...

  [6] ASSEMBLING REPORT...

================================================================================
  SESSION 2 REPORT
================================================================================

  BOT STATUS
    Version: 2.5.2 | Registry: 3 | Nursery: 38 | Born total: 38
    PnL: +0.020412 SOL | Trades: 1 | WR: 100%
    States: {'ARMED': 1, 'FLOORED': 2}

  TRADE ANALYSIS (1 trades)
    chair        entry=$  6955 exit=$  6001 PnL=-15.7% hold=10s reason=STOP_LOSS [BIG_LOSS_-15.7% | EXITED_EARLY_ATH_WAS_$15435]

  MARKET COVERAGE
    Significant coins (ATH>$15K): 5
    Bonded coins: 76
    WE CAUGHT: 0 | WE MISSED: 5 | Coverage: 0.0%

    -- MISSED (top 15) --
    mindbath     ATH=$1,626,695 MC=$1,623,849 bonded=True WHY: BONDED_DURING_SESSION, NEVER_DISCOVERED
    Papa         ATH=$ 264,314 MC=$  97,118 bonded=True WHY: BONDED_DURING_SESSION, NEVER_DISCOVERED
    REDBULL      ATH=$ 131,025 MC=$ 105,943 bonded=True WHY: BONDED_DURING_SESSION, NEVER_DISCOVERED
    LIB          ATH=$ 113,159 MC=$  96,291 bonded=True WHY: BONDED_DURING_SESSION, IN_NURSERY_NOT_PROMOTED
    CHOP         ATH=$  95,833 MC=$  74,832 bonded=True WHY: BONDED_DURING_SESSION, NEVER_DISCOVERED

  GATE COMPLIANCE
    Violations: 1 | Stuck WATCHING: 0 | Stale: 0
    !! chair armed but RE_ENTRY fails: price $7140 is above last exit $6001 — not chasing

  ERROR ACCOUNTING
    Spot-checked: 3 tokens
    Data errors found: 0
    No data integrity issues found in spot checks

  POSSIBLE ERROR SOURCES (to account for in analysis)
    - PumpPortal: can misclassify buy/sell, report stale solAmount, silently drop subscriptions
    - Our bot: MC direction override can flip sells to buys for catalyst, floor detection on thin data
    - Pump.fun API: phantom MC (real_sol=0 but high MC), stale ATH, delayed migration status

  RECOMMENDATIONS FOR NEXT SESSION
    1. GATE_VIOLATIONS: 1 tokens armed with failing gates. Fix the state machine before next session.
    2. MISSED_BONDED: CHOP bonded during session (ATH $95,833) but we didn't catch it. Root cause: ['BONDED_DURING_SESSION', 'NEVER_DISCOVERED']
    3. MISSED_BONDED: REDBULL bonded during session (ATH $131,025) but we didn't catch it. Root cause: ['BONDED_DURING_SESSION', 'NEVER_DISCOVERED']
    4. MISSED_BONDED: Papa bonded during session (ATH $264,314) but we didn't catch it. Root cause: ['BONDED_DURING_SESSION', 'NEVER_DISCOVERED']

  Log saved to: /Users/kashanrana/Downloads/Printar/2wallets/./data/session_2_2026-04-13T15-02.jsonl
================================================================================

[2026-04-13 15:02:13] Session 2 review done.
[2026-04-13 15:02:13] 
[2026-04-13 15:02:13] 
[2026-04-13 15:02:13] ################################################################
[2026-04-13 15:02:13]   SESSION 3 / 6 — STARTING
[2026-04-13 15:02:13] ################################################################
[2026-04-13 15:02:13] Session 3 | Check #1 | 60min remaining
[2026-04-13 15:02:13] [S3-CHECK1] Taking state snapshot...
  Version: 2.5.2
  Registry: ? | Nursery: 43 | Born: ?
  Armed: ? | Open: ? | Closed: ?
  PnL: ? SOL | Trades: 1 | WR: 100%
  States: {}
  Blocked→Armed pipeline: 2 tokens blocked | 1 armed
  !! GATE VIOLATION: chair - RE_ENTRY
  FLOORED & READY: 阿杭 MC=$5515 floor=$4007 aboveFloor=37.6%
[2026-04-13 15:07:14] Session 3 | Check #2 | 54min remaining
[2026-04-13 15:07:14] [S3-CHECK2] Taking state snapshot...
  Version: 2.5.2
  Registry: ? | Nursery: 58 | Born: ?
  Armed: ? | Open: ? | Closed: ?
  PnL: ? SOL | Trades: 1 | WR: 100%
  States: {}
  Blocked→Armed pipeline: 26 tokens blocked | 1 armed
  FLOORED & READY: chair MC=$8741 floor=$6001 aboveFloor=45.7%
  FLOORED & READY: 4K MC=$7310 floor=$6957 aboveFloor=5.1%
  FLOORED & READY: ONE MC=$8084 floor=$8069 aboveFloor=0.2%
[2026-04-13 15:12:15] Session 3 | Check #3 | 49min remaining
[2026-04-13 15:12:15] [S3-CHECK3] Taking state snapshot...
  Version: 2.5.2
  Registry: ? | Nursery: 36 | Born: ?
  Armed: ? | Open: ? | Closed: ?
  PnL: ? SOL | Trades: 1 | WR: 100%
  States: {}
  Blocked→Armed pipeline: 50 tokens blocked | 3 armed
  !! GATE VIOLATION: 4K - HISTORY
  FLOORED & READY: chair MC=$11035 floor=$6001 aboveFloor=83.9%
  FLOORED & READY: ONE MC=$8351 floor=$8069 aboveFloor=3.5%
  FLOORED & READY: 111 MC=$9112 floor=$2372 aboveFloor=284.1%
  FLOORED & READY: TAP MC=$16130 floor=$10405 aboveFloor=55%
[2026-04-13 15:17:16] Session 3 | Check #4 | 44min remaining
[2026-04-13 15:17:16] [S3-CHECK4] Taking state snapshot...
  Version: 2.5.2
  Registry: ? | Nursery: 46 | Born: ?
  Armed: ? | Open: ? | Closed: ?
  PnL: ? SOL | Trades: 1 | WR: 100%
  States: {}
  Blocked→Armed pipeline: 50 tokens blocked | 1 armed
  FLOORED & READY: chair MC=$13910 floor=$6001 aboveFloor=131.8%
  FLOORED & READY: ONE MC=$8147 floor=$8069 aboveFloor=1%
  FLOORED & READY: 💋 MC=$13780 floor=$13780 aboveFloor=0%
[2026-04-13 15:22:17] Session 3 | Check #5 | 39min remaining
[2026-04-13 15:22:17] [S3-CHECK5] Taking state snapshot...
  Version: 2.5.2
  Registry: ? | Nursery: 75 | Born: ?
  Armed: ? | Open: ? | Closed: ?
  PnL: ? SOL | Trades: 1 | WR: 100%
  States: {}
  Blocked→Armed pipeline: 50 tokens blocked | 2 armed
  !! GATE VIOLATION: MUMU - SELL_PRESSURE
  FLOORED & READY: chair MC=$12636 floor=$6001 aboveFloor=110.6%
  FLOORED & READY: ONE MC=$8144 floor=$8069 aboveFloor=0.9%
  FLOORED & READY: 💋 MC=$13765 floor=$13765 aboveFloor=0%
[2026-04-13 15:27:18] Session 3 | Check #6 | 34min remaining
[2026-04-13 15:27:18] [S3-CHECK6] Taking state snapshot...
  Version: 2.5.2
  Registry: ? | Nursery: 75 | Born: ?
  Armed: ? | Open: ? | Closed: ?
  PnL: ? SOL | Trades: 1 | WR: 100%
  States: {}
  Blocked→Armed pipeline: 50 tokens blocked | 1 armed
  FLOORED & READY: chair MC=$8713 floor=$6001 aboveFloor=45.2%
  FLOORED & READY: ONE MC=$8230 floor=$8069 aboveFloor=2%
  FLOORED & READY: 💋 MC=$13783 floor=$13765 aboveFloor=0.1%
[2026-04-13 15:32:19] Session 3 | Check #7 | 29min remaining
[2026-04-13 15:32:19] [S3-CHECK7] Taking state snapshot...
  Version: 2.5.2
  Registry: ? | Nursery: 33 | Born: ?
  Armed: ? | Open: ? | Closed: ?
  PnL: ? SOL | Trades: 3 | WR: 66.7%
  States: {}
  Blocked→Armed pipeline: 50 tokens blocked | 2 armed
  !! GATE VIOLATION: Samba - RE_ENTRY
  FLOORED & READY: chair MC=$7901 floor=$6001 aboveFloor=31.7%
  FLOORED & READY: ONE MC=$8235 floor=$8069 aboveFloor=2.1%
  FLOORED & READY: 💋 MC=$13760 floor=$13760 aboveFloor=0%
[2026-04-13 15:37:21] Session 3 | Check #8 | 24min remaining
[2026-04-13 15:37:21] [S3-CHECK8] Taking state snapshot...
  Version: 2.5.2
  Registry: ? | Nursery: 55 | Born: ?
  Armed: ? | Open: ? | Closed: ?
  PnL: ? SOL | Trades: 4 | WR: 50%
  States: {}
  Blocked→Armed pipeline: 50 tokens blocked | 3 armed
  !! GATE VIOLATION: CrazyFrog - SELL_PRESSURE
  FLOORED & READY: chair MC=$8509 floor=$6001 aboveFloor=41.8%
  FLOORED & READY: ONE MC=$8760 floor=$8069 aboveFloor=8.6%
  FLOORED & READY: 💋 MC=$12104 floor=$12104 aboveFloor=0%
[2026-04-13 15:42:22] Session 3 | Check #9 | 19min remaining
[2026-04-13 15:42:22] [S3-CHECK9] Taking state snapshot...
  Version: 2.5.2
  Registry: ? | Nursery: 87 | Born: ?
  Armed: ? | Open: ? | Closed: ?
  PnL: ? SOL | Trades: 4 | WR: 50%
  States: {}
  Blocked→Armed pipeline: 50 tokens blocked | 2 armed
  FLOORED & READY: chair MC=$8065 floor=$6001 aboveFloor=34.4%
  FLOORED & READY: ONE MC=$8493 floor=$8069 aboveFloor=5.3%
  FLOORED & READY: 💋 MC=$11696 floor=$11696 aboveFloor=0%
[2026-04-13 15:47:23] Session 3 | Check #10 | 14min remaining
[2026-04-13 15:47:23] [S3-CHECK10] Taking state snapshot...
  Version: 2.5.2
  Registry: ? | Nursery: 50 | Born: ?
  Armed: ? | Open: ? | Closed: ?
  PnL: ? SOL | Trades: 4 | WR: 50%
  States: {}
  Blocked→Armed pipeline: 50 tokens blocked | 3 armed
  !! GATE VIOLATION: DJT - HISTORY
  FLOORED & READY: chair MC=$7288 floor=$6001 aboveFloor=21.5%
  FLOORED & READY: ONE MC=$8497 floor=$8069 aboveFloor=5.3%
  FLOORED & READY: 💋 MC=$11684 floor=$11681 aboveFloor=0%
[2026-04-13 15:52:24] Session 3 | Check #11 | 9min remaining
[2026-04-13 15:52:24] [S3-CHECK11] Taking state snapshot...
  Version: 2.5.2
  Registry: ? | Nursery: 104 | Born: ?
  Armed: ? | Open: ? | Closed: ?
  PnL: ? SOL | Trades: 6 | WR: 50%
  States: {}
  Blocked→Armed pipeline: 50 tokens blocked | 4 armed
  !! GATE VIOLATION: chair - RE_ENTRY
  !! GATE VIOLATION: 💋 - HISTORY
  FLOORED & READY: ONE MC=$8457 floor=$8069 aboveFloor=4.8%
[2026-04-13 15:57:26] Session 3 | Check #12 | 4min remaining
[2026-04-13 15:57:26] [S3-CHECK12] Taking state snapshot...
  Version: 2.5.2
  Registry: ? | Nursery: 40 | Born: ?
  Armed: ? | Open: ? | Closed: ?
  PnL: ? SOL | Trades: 6 | WR: 50%
  States: {}
  Blocked→Armed pipeline: 50 tokens blocked | 2 armed
  !! GATE VIOLATION: 💋 - SELL_PRESSURE
  FLOORED & READY: chair MC=$6084 floor=$4839 aboveFloor=25.7%
  FLOORED & READY: ONE MC=$9342 floor=$8069 aboveFloor=15.8%
[2026-04-13 16:02:27] 
[2026-04-13 16:02:27] Session 3 COMPLETE — Running comprehensive review...

================================================================================
  SESSION 3 HOURLY REVIEW — 2026-04-13T09:02:27.314619+00:00
  Log: /Users/kashanrana/Downloads/Printar/2wallets/./data/session_3_2026-04-13T16-02.jsonl
================================================================================

  [1] SCANNING PUMP.FUN FOR BONDED / HIGH-PERFORMING COINS...
    Found 134 total coins | 68 bonded | 7 significant (ATH>$15K)

  [2] CROSS-REFERENCING WITH OUR REGISTRY...
    Caught: 2 | Missed: 5 | Missed bonded: 5

  [3] TRADE ANALYSIS...

  [4] GATE COMPLIANCE...

  [5] ERROR ACCOUNTING (our errors + data provider errors)...

  [6] ASSEMBLING REPORT...

================================================================================
  SESSION 3 REPORT
================================================================================

  BOT STATUS
    Version: 2.5.2 | Registry: 429 | Nursery: 43 | Born total: 876
    PnL: +0.040831 SOL | Trades: 9 | WR: 55.6%
    States: {'CLOSED': 2, 'FLOORED': 336, 'INDEXED': 75, 'ARMED': 2, 'BUYING': 4, 'WATCHING': 7, 'BLACKLISTED': 3}

  TRADE ANALYSIS (12 trades)
    chair        entry=$  5283 exit=$  5497 PnL=+2.0% hold=182s reason=EMERGENCY_STOP [clean]
    TAP          entry=$  9648 exit=$ 10144 PnL=+3.1% hold=18s reason=SELLER_EXIT [clean]
    💋            entry=$ 10814 exit=$ 10572 PnL=-4.2% hold=83s reason=SELLER_EXIT [EXITED_EARLY_ATH_WAS_$30630]
    Psyop        entry=$ 14571 exit=$ 14642 PnL=-1.5% hold=128s reason=SELLER_EXIT [EXITED_EARLY_ATH_WAS_$25850]
    ALPHA        entry=$  4543 exit=$  4544 PnL=-2.0% hold=181s reason=EMERGENCY_STOP [EXITED_EARLY_ATH_WAS_$8773]
    CrazyFrog    entry=$  8158 exit=$  8499 PnL=+2.2% hold=31s reason=SELLER_EXIT [clean]
    HENRY        entry=$  5039 exit=$  4763 PnL=-7.5% hold=12s reason=STOP_LOSS [BIG_LOSS_-7.5% | EXITED_EARLY_ATH_WAS_$20762]
    Samba        entry=$  6921 exit=$  7159 PnL=+1.4% hold=29s reason=SELLER_EXIT [clean]
    Samba        entry=$  8136 exit=$  8136 PnL=-2.0% hold=0s reason=SELLER_EXIT [INSTANT_EXIT | EXITED_EARLY_ATH_WAS_$22398]
    Psyop        entry=$ 14566 exit=$ 14567 PnL=-2.0% hold=13s reason=EMERGENCY_STOP [EXITED_EARLY_ATH_WAS_$25850]
    MUMU         entry=$  8717 exit=$  9601 PnL=+8.1% hold=185s reason=EMERGENCY_STOP [clean]
    chair        entry=$  6955 exit=$  6001 PnL=-15.7% hold=10s reason=STOP_LOSS [BIG_LOSS_-15.7% | EXITED_EARLY_ATH_WAS_$15716]

  MARKET COVERAGE
    Significant coins (ATH>$15K): 7
    Bonded coins: 68
    WE CAUGHT: 2 | WE MISSED: 5 | Coverage: 28.6%

    -- CAUGHT (top 10) --
    LIB          ATH=$ 610,117 MC=$ 529,804 state=WATCHING traded=False
    SORA         ATH=$  29,060 MC=$  16,862 state=INDEXED traded=False

    -- MISSED (top 15) --
    mindbath     ATH=$71,860,671 MC=$  86,141 bonded=True WHY: BONDED_DURING_SESSION, NEVER_DISCOVERED
    TAROKO       ATH=$ 209,907 MC=$ 146,150 bonded=True WHY: BONDED_DURING_SESSION, NEVER_DISCOVERED
    REDBULL      ATH=$ 163,323 MC=$ 112,763 bonded=True WHY: BONDED_DURING_SESSION, NEVER_DISCOVERED
    pumphouse    ATH=$ 157,858 MC=$ 136,420 bonded=True WHY: BONDED_DURING_SESSION, NEVER_DISCOVERED
    JesusTremp   ATH=$  85,120 MC=$  70,623 bonded=True WHY: BONDED_DURING_SESSION, NEVER_DISCOVERED

  GATE COMPLIANCE
    Violations: 1 | Stuck WATCHING: 0 | Stale: 207
    !! TAP armed but RE_ENTRY fails: price $10496 is above last exit $10144 — not chasing

  ERROR ACCOUNTING
    Spot-checked: 10 tokens
    Data errors found: 0
    No data integrity issues found in spot checks

  POSSIBLE ERROR SOURCES (to account for in analysis)
    - PumpPortal: can misclassify buy/sell, report stale solAmount, silently drop subscriptions
    - Our bot: MC direction override can flip sells to buys for catalyst, floor detection on thin data
    - Pump.fun API: phantom MC (real_sol=0 but high MC), stale ATH, delayed migration status

  RECOMMENDATIONS FOR NEXT SESSION
    1. DISCOVERY_TOO_NARROW: We're missing more runners than we catch. Consider lowering nursery promotion thresholds or seeding more aggressively.
    2. GATE_VIOLATIONS: 1 tokens armed with failing gates. Fix the state machine before next session.
    3. STALENESS: 207/429 tokens stale. PP re-subscribe or API refresh may be failing.
    4. MISSED_BONDED: REDBULL bonded during session (ATH $163,323) but we didn't catch it. Root cause: ['BONDED_DURING_SESSION', 'NEVER_DISCOVERED']
    5. MISSED_BONDED: TAROKO bonded during session (ATH $209,907) but we didn't catch it. Root cause: ['BONDED_DURING_SESSION', 'NEVER_DISCOVERED']
    6. MISSED_BONDED: JesusTremp bonded during session (ATH $85,120) but we didn't catch it. Root cause: ['BONDED_DURING_SESSION', 'NEVER_DISCOVERED']

  Log saved to: /Users/kashanrana/Downloads/Printar/2wallets/./data/session_3_2026-04-13T16-02.jsonl
================================================================================

[2026-04-13 16:02:47] Session 3 review done.
[2026-04-13 16:02:47] 
[2026-04-13 16:02:47] 
[2026-04-13 16:02:47] ################################################################
[2026-04-13 16:02:47]   SESSION 4 / 6 — STARTING
[2026-04-13 16:02:47] ################################################################
[2026-04-13 16:02:47] Session 4 | Check #1 | 60min remaining
[2026-04-13 16:02:47] [S4-CHECK1] Taking state snapshot...
  Version: 2.5.2
  Registry: ? | Nursery: 45 | Born: ?
  Armed: ? | Open: ? | Closed: ?
  PnL: ? SOL | Trades: 9 | WR: 55.6%
  States: {}
  Blocked→Armed pipeline: 50 tokens blocked | 3 armed
  !! GATE VIOLATION: TAP - RE_ENTRY
  !! GATE VIOLATION: BULLINA - SELL_PRESSURE
  FLOORED & READY: Psyop MC=$16789 floor=$14226 aboveFloor=18%
  FLOORED & READY: 💋 MC=$10598 floor=$10417 aboveFloor=1.7%
[2026-04-13 16:07:48] Session 4 | Check #2 | 54min remaining
[2026-04-13 16:07:48] [S4-CHECK2] Taking state snapshot...
  Version: 2.6.0
  Registry: ? | Nursery: 39 | Born: ?
  Armed: ? | Open: ? | Closed: ?
  PnL: ? SOL | Trades: 2 | WR: 100%
  States: {}
  Blocked→Armed pipeline: 1 tokens blocked | 2 armed
  !! GATE VIOLATION: ND - SELL_PRESSURE
  !! GATE VIOLATION: GR - RE_ENTRY
  FLOORED & READY: NLFET MC=$7195 floor=$4738 aboveFloor=51.9%
[2026-04-13 16:12:49] Session 4 | Check #3 | 49min remaining
[2026-04-13 16:12:49] [S4-CHECK3] Taking state snapshot...
  Version: 2.6.0
  Registry: ? | Nursery: 62 | Born: ?
  Armed: ? | Open: ? | Closed: ?
  PnL: ? SOL | Trades: 3 | WR: 100%
  States: {}
  Blocked→Armed pipeline: 29 tokens blocked | 2 armed
  !! GATE VIOLATION: pumphouse - RE_ENTRY
  FLOORED & READY: NLFET MC=$4518 floor=$3520 aboveFloor=28.4%
  FLOORED & READY: GR MC=$9668 floor=$7482 aboveFloor=29.2%
  FLOORED & READY: 💋 MC=$8600 floor=$7845 aboveFloor=9.6%
  FLOORED & READY: LAND MC=$9970 floor=$9288 aboveFloor=7.3%
  FLOORED & READY: MUSK MC=$5075 floor=$5075 aboveFloor=0%
[2026-04-13 16:17:50] Session 4 | Check #4 | 44min remaining
[2026-04-13 16:17:50] [S4-CHECK4] Taking state snapshot...
  Version: 2.6.0
  Registry: ? | Nursery: 45 | Born: ?
  Armed: ? | Open: ? | Closed: ?
  PnL: ? SOL | Trades: 6 | WR: 66.7%
  States: {}
  Blocked→Armed pipeline: 50 tokens blocked | 3 armed
  !! GATE VIOLATION: MUSK - HISTORY
  FLOORED & READY: NLFET MC=$4895 floor=$3520 aboveFloor=39.1%
  FLOORED & READY: GR MC=$8638 floor=$7482 aboveFloor=15.4%
  FLOORED & READY: TAP MC=$8934 floor=$8934 aboveFloor=0%
  FLOORED & READY: COW MC=$12641 floor=$11992 aboveFloor=5.4%
  FLOORED & READY: HENRY MC=$4843 floor=$4841 aboveFloor=0%
[2026-04-13 16:22:51] Session 4 | Check #5 | 39min remaining
[2026-04-13 16:22:51] [S4-CHECK5] Taking state snapshot...
  Version: 2.7.0
  Registry: ? | Nursery: 7 | Born: ?
  Armed: ? | Open: ? | Closed: ?
  PnL: ? SOL | Trades: 3 | WR: 33.3%
  States: {}
  Blocked→Armed pipeline: 2 tokens blocked | 2 armed
  !! GATE VIOLATION: FI/RE - SELL_PRESSURE
  FLOORED & READY: LAND MC=$12357 floor=$12210 aboveFloor=1.2%
  FLOORED & READY: pumphouse MC=$7139 floor=$6938 aboveFloor=2.9%
[2026-04-13 16:27:52] Session 4 | Check #6 | 34min remaining
[2026-04-13 16:27:52] [S4-CHECK6] Taking state snapshot...
  Version: 2.7.0
  Registry: ? | Nursery: 66 | Born: ?
  Armed: ? | Open: ? | Closed: ?
  PnL: ? SOL | Trades: 6 | WR: 33.3%
  States: {}
  Blocked→Armed pipeline: 6 tokens blocked | 2 armed
  !! GATE VIOLATION: pumphouse - HISTORY
  !! GATE VIOLATION: pumpcar - SELL_PRESSURE
  FLOORED & READY: FI/RE MC=$33721 floor=$14315 aboveFloor=135.6%
  FLOORED & READY: LAND MC=$12624 floor=$12204 aboveFloor=3.4%
[2026-04-13 16:32:53] Session 4 | Check #7 | 29min remaining
[2026-04-13 16:32:53] [S4-CHECK7] Taking state snapshot...
  Version: 2.7.0
  Registry: ? | Nursery: 55 | Born: ?
  Armed: ? | Open: ? | Closed: ?
  PnL: ? SOL | Trades: 11 | WR: 18.2%
  States: {}
  Blocked→Armed pipeline: 40 tokens blocked | 4 armed
  !! GATE VIOLATION: Bullcoin - RE_ENTRY
  !! GATE VIOLATION: pumpcar - RE_ENTRY
  !! GATE VIOLATION: TREES - SELL_PRESSURE
  FLOORED & READY: Dog MC=$71696 floor=$71169 aboveFloor=0.7%
[2026-04-13 16:37:54] Session 4 | Check #8 | 24min remaining
[2026-04-13 16:37:54] [S4-CHECK8] Taking state snapshot...
  Version: 2.7.0
  Registry: ? | Nursery: 39 | Born: ?
  Armed: ? | Open: ? | Closed: ?
  PnL: ? SOL | Trades: 12 | WR: 16.7%
  States: {}
  Blocked→Armed pipeline: 50 tokens blocked | 4 armed
  !! GATE VIOLATION: pumphouse - HISTORY
  !! GATE VIOLATION: pumpcar - RE_ENTRY
  FLOORED & READY: Dog MC=$71246 floor=$71169 aboveFloor=0.1%
  FLOORED & READY: Bullcoin MC=$18002 floor=$13771 aboveFloor=30.7%
  FLOORED & READY: TREES MC=$4006 floor=$4006 aboveFloor=0%
[2026-04-13 16:42:55] Session 4 | Check #9 | 19min remaining
[2026-04-13 16:42:55] [S4-CHECK9] Taking state snapshot...
  Version: 2.8.0
  Registry: ? | Nursery: 54 | Born: ?
  Armed: ? | Open: ? | Closed: ?
  PnL: ? SOL | Trades: 4 | WR: 0%
  States: {}
  Blocked→Armed pipeline: 2 tokens blocked | 5 armed
  !! GATE VIOLATION: BBull - SELL_PRESSURE
  !! GATE VIOLATION: Cerberus - SELL_PRESSURE
  !! GATE VIOLATION: NEIL - RE_ENTRY
  !! GATE VIOLATION: pumpcar - SELL_PRESSURE
  !! GATE VIOLATION: NLFET - SELL_PRESSURE
  FLOORED & READY: GR MC=$7768 floor=$7499 aboveFloor=3.6%
[2026-04-13 16:47:56] Session 4 | Check #10 | 14min remaining
[2026-04-13 16:47:56] [S4-CHECK10] Taking state snapshot...
  Version: 2.8.0
  Registry: ? | Nursery: 39 | Born: ?
  Armed: ? | Open: ? | Closed: ?
  PnL: ? SOL | Trades: 11 | WR: 9.1%
  States: {}
  Blocked→Armed pipeline: 39 tokens blocked | 2 armed
  !! GATE VIOLATION: GR - HISTORY
  !! GATE VIOLATION: pumphouse - SELL_PRESSURE
  FLOORED & READY: NEIL MC=$7022 floor=$4891 aboveFloor=43.6%
  FLOORED & READY: pumpcar MC=$6271 floor=$4747 aboveFloor=32.1%
  FLOORED & READY: PBULL MC=$9950 floor=$9910 aboveFloor=0.4%
[2026-04-13 16:52:57] Session 4 | Check #11 | 9min remaining
[2026-04-13 16:52:57] [S4-CHECK11] Taking state snapshot...
  Version: 2.8.0
  Registry: ? | Nursery: 62 | Born: ?
  Armed: ? | Open: ? | Closed: ?
  PnL: ? SOL | Trades: 17 | WR: 11.8%
  States: {}
  Blocked→Armed pipeline: 50 tokens blocked | 3 armed
  !! GATE VIOLATION: PBULL - HISTORY
  !! GATE VIOLATION: 💋 - SELL_PRESSURE
  FLOORED & READY: NEIL MC=$15623 floor=$4891 aboveFloor=219.4%
  FLOORED & READY: pumpcar MC=$8270 floor=$4747 aboveFloor=74.2%
  FLOORED & READY: GR MC=$7431 floor=$6803 aboveFloor=9.2%
  FLOORED & READY: 𝕏CHAT MC=$11329 floor=$11329 aboveFloor=0%
[2026-04-13 16:57:59] Session 4 | Check #12 | 4min remaining
[2026-04-13 16:57:59] [S4-CHECK12] Taking state snapshot...
  Version: 2.8.0
  Registry: ? | Nursery: 68 | Born: ?
  Armed: ? | Open: ? | Closed: ?
  PnL: ? SOL | Trades: 24 | WR: 20.8%
  States: {}
  Blocked→Armed pipeline: 50 tokens blocked | 4 armed
  !! GATE VIOLATION: HENRY - SELL_PRESSURE
  !! GATE VIOLATION: Bullcoin - SELL_PRESSURE
  FLOORED & READY: NEIL MC=$12290 floor=$4891 aboveFloor=151.3%
  FLOORED & READY: pumpcar MC=$9578 floor=$4747 aboveFloor=101.8%
  FLOORED & READY: GR MC=$7501 floor=$6803 aboveFloor=10.3%
  FLOORED & READY: nees MC=$4508 floor=$3618 aboveFloor=24.6%
  FLOORED & READY: 𝕏CHAT MC=$11346 floor=$11329 aboveFloor=0.2%
  FLOORED & READY: Dug MC=$4670 floor=$3600 aboveFloor=29.7%
[2026-04-13 17:03:00] 
[2026-04-13 17:03:00] Session 4 COMPLETE — Running comprehensive review...

================================================================================
  SESSION 4 HOURLY REVIEW — 2026-04-13T10:03:00.538854+00:00
  Log: /Users/kashanrana/Downloads/Printar/2wallets/./data/session_4_2026-04-13T17-03.jsonl
================================================================================

  [1] SCANNING PUMP.FUN FOR BONDED / HIGH-PERFORMING COINS...
    Found 141 total coins | 78 bonded | 8 significant (ATH>$15K)

  [2] CROSS-REFERENCING WITH OUR REGISTRY...
    Caught: 1 | Missed: 7 | Missed bonded: 4

  [3] TRADE ANALYSIS...

  [4] GATE COMPLIANCE...

  [5] ERROR ACCOUNTING (our errors + data provider errors)...

  [6] ASSEMBLING REPORT...

================================================================================
  SESSION 4 REPORT
================================================================================

  BOT STATUS
    Version: 2.9.0 | Registry: 7 | Nursery: 53 | Born total: 53
    PnL: -0.011148 SOL | Trades: 4 | WR: 25%
    States: {'EXIT_UNLOCKED': 1, 'ARMED': 1, 'FLOORED': 4, 'WATCHING': 1}

  TRADE ANALYSIS (4 trades)
    NEIL         entry=$ 13017 exit=$ 13017 PnL=-2.0% hold=0s reason=SELLER_EXIT [INSTANT_EXIT]
    NEIL         entry=$ 13337 exit=$ 13154 PnL=-3.4% hold=24s reason=SELLER_EXIT [clean]
    NEIL         entry=$ 12226 exit=$ 13603 PnL=+9.3% hold=31s reason=SELLER_EXIT [clean]
    NEIL         entry=$ 12716 exit=$ 12291 PnL=-5.3% hold=11s reason=EMERGENCY_STOP [BIG_LOSS_-5.3% | EXITED_EARLY_ATH_WAS_$18562]

  MARKET COVERAGE
    Significant coins (ATH>$15K): 8
    Bonded coins: 78
    WE CAUGHT: 1 | WE MISSED: 7 | Coverage: 12.5%

    -- CAUGHT (top 10) --
    YANNICK      ATH=$  15,570 MC=$  13,930 state=FLOORED traded=False

    -- MISSED (top 15) --
    mindbath     ATH=$75,151,021 MC=$1,177,930 bonded=True WHY: BONDED_DURING_SESSION, NEVER_DISCOVERED
    LIB          ATH=$ 817,096 MC=$ 507,242 bonded=True WHY: CREATED_124min_AGO (before our session), NEVER_DISCOVERED
    pumphouse    ATH=$ 272,382 MC=$ 228,367 bonded=True WHY: CREATED_126min_AGO (before our session), NEVER_DISCOVERED
    JesusTremp   ATH=$ 182,847 MC=$ 150,528 bonded=True WHY: BONDED_DURING_SESSION, NEVER_DISCOVERED
    COPPERINU    ATH=$  34,002 MC=$  10,505 bonded=False WHY: IN_NURSERY_NOT_PROMOTED
    CHICKEN      ATH=$  30,819 MC=$  24,136 bonded=False WHY: NEVER_DISCOVERED
    GOUT         ATH=$  25,932 MC=$  18,140 bonded=False WHY: IN_NURSERY_NOT_PROMOTED

  GATE COMPLIANCE
    Violations: 1 | Stuck WATCHING: 0 | Stale: 1
    !! pumphouse armed but SELL_PRESSURE fails: sell pressure: 1.04 SOL sold vs 0.08 bought

  ERROR ACCOUNTING
    Spot-checked: 7 tokens
    Data errors found: 0
    No data integrity issues found in spot checks

  POSSIBLE ERROR SOURCES (to account for in analysis)
    - PumpPortal: can misclassify buy/sell, report stale solAmount, silently drop subscriptions
    - Our bot: MC direction override can flip sells to buys for catalyst, floor detection on thin data
    - Pump.fun API: phantom MC (real_sol=0 but high MC), stale ATH, delayed migration status

  RECOMMENDATIONS FOR NEXT SESSION
    1. DISCOVERY_TOO_NARROW: We're missing more runners than we catch. Consider lowering nursery promotion thresholds or seeding more aggressively.
    2. GATE_VIOLATIONS: 1 tokens armed with failing gates. Fix the state machine before next session.
    3. MISSED_BONDED: JesusTremp bonded during session (ATH $182,847) but we didn't catch it. Root cause: ['BONDED_DURING_SESSION', 'NEVER_DISCOVERED']

  Log saved to: /Users/kashanrana/Downloads/Printar/2wallets/./data/session_4_2026-04-13T17-03.jsonl
================================================================================

[2026-04-13 17:03:12] Session 4 review done.
[2026-04-13 17:03:12] 
[2026-04-13 17:03:12] 
[2026-04-13 17:03:12] ################################################################
[2026-04-13 17:03:12]   SESSION 5 / 6 — STARTING
[2026-04-13 17:03:12] ################################################################
[2026-04-13 17:03:12] Session 5 | Check #1 | 60min remaining
[2026-04-13 17:03:12] [S5-CHECK1] Taking state snapshot...
  Version: 2.9.0
  Registry: ? | Nursery: 62 | Born: ?
  Armed: ? | Open: ? | Closed: ?
  PnL: ? SOL | Trades: 4 | WR: 25%
  States: {}
  Blocked→Armed pipeline: 4 tokens blocked | 1 armed
  !! GATE VIOLATION: pumphouse - SELL_PRESSURE
  FLOORED & READY: BATTLE MC=$19112 floor=$15336 aboveFloor=24.6%
  FLOORED & READY: Bullcoin MC=$9937 floor=$8062 aboveFloor=23.3%
  FLOORED & READY: pumpcar MC=$8369 floor=$8175 aboveFloor=2.4%
  FLOORED & READY: YANNICK MC=$13889 floor=$13889 aboveFloor=0%
[2026-04-13 17:08:13] Session 5 | Check #2 | 54min remaining
[2026-04-13 17:08:13] [S5-CHECK2] Taking state snapshot...
  Version: 2.9.0
  Registry: ? | Nursery: 50 | Born: ?
  Armed: ? | Open: ? | Closed: ?
  PnL: ? SOL | Trades: 27 | WR: 33.3%
  States: {}
  Blocked→Armed pipeline: 43 tokens blocked | 3 armed
  !! GATE VIOLATION: NEIL - RE_ENTRY
  !! GATE VIOLATION: pumphouse - HISTORY
  FLOORED & READY: YANNICK MC=$15975 floor=$12502 aboveFloor=27.8%
  FLOORED & READY: GOUT MC=$30119 floor=$17239 aboveFloor=74.7%
  FLOORED & READY: ADDICT MC=$7977 floor=$7751 aboveFloor=2.9%
[2026-04-13 17:13:15] Session 5 | Check #3 | 49min remaining
[2026-04-13 17:13:15] [S5-CHECK3] Taking state snapshot...
  Version: 2.9.0
  Registry: ? | Nursery: 76 | Born: ?
  Armed: ? | Open: ? | Closed: ?
  PnL: ? SOL | Trades: 39 | WR: 33.3%
  States: {}
  Blocked→Armed pipeline: 50 tokens blocked | 6 armed
  !! GATE VIOLATION: pumpcar - HISTORY
  FLOORED & READY: YANNICK MC=$16042 floor=$12502 aboveFloor=28.3%
  FLOORED & READY: GoutGout MC=$19832 floor=$11457 aboveFloor=73.1%
  FLOORED & READY: 5B2F MC=$4768 floor=$4765 aboveFloor=0.1%
  FLOORED & READY: ADDICT MC=$9491 floor=$7751 aboveFloor=22.4%
[2026-04-13 17:18:16] Session 5 | Check #4 | 44min remaining
[2026-04-13 17:18:16] [S5-CHECK4] Taking state snapshot...
  Version: 2.9.0
  Registry: ? | Nursery: 50 | Born: ?
  Armed: ? | Open: ? | Closed: ?
  PnL: ? SOL | Trades: 47 | WR: 34%
  States: {}
  Blocked→Armed pipeline: 50 tokens blocked | 4 armed
  !! GATE VIOLATION: YANNICK - SELL_PRESSURE
  FLOORED & READY: pumpcar MC=$5971 floor=$5971 aboveFloor=0%
  FLOORED & READY: GoutGout MC=$20027 floor=$11457 aboveFloor=74.8%
  FLOORED & READY: 5B2F MC=$4763 floor=$4763 aboveFloor=0%
  FLOORED & READY: GR MC=$5095 floor=$5095 aboveFloor=0%
[2026-04-13 17:23:17] Session 5 | Check #5 | 39min remaining
[2026-04-13 17:23:17] [S5-CHECK5] Taking state snapshot...
  Version: 2.10.0
  Registry: ? | Nursery: 59 | Born: ?
  Armed: ? | Open: ? | Closed: ?
  PnL: ? SOL | Trades: 0 | WR: 0%
  States: {}
  Blocked→Armed pipeline: 3 tokens blocked | 2 armed
  !! GATE VIOLATION: GOUT - HISTORY
  !! GATE VIOLATION: NEIL - HISTORY
  FLOORED & READY: ADDICT MC=$10761 floor=$10186 aboveFloor=5.6%
  FLOORED & READY: TAP MC=$26251 floor=$24275 aboveFloor=8.1%
  FLOORED & READY: GoutGout MC=$18829 floor=$18808 aboveFloor=0.1%
[2026-04-13 17:28:18] Session 5 | Check #6 | 34min remaining
[2026-04-13 17:28:18] [S5-CHECK6] Taking state snapshot...
  Version: 2.10.0
  Registry: ? | Nursery: 35 | Born: ?
  Armed: ? | Open: ? | Closed: ?
  PnL: ? SOL | Trades: 9 | WR: 22.2%
  States: {}
  Blocked→Armed pipeline: 41 tokens blocked | 3 armed
  !! GATE VIOLATION: NEIL - SELL_PRESSURE
  FLOORED & READY: TAP MC=$14453 floor=$14377 aboveFloor=0.5%
  FLOORED & READY: GoutGout MC=$12434 floor=$11612 aboveFloor=7.1%
  FLOORED & READY: Kangaroo MC=$5688 floor=$5688 aboveFloor=0%
[2026-04-13 17:33:19] Session 5 | Check #7 | 29min remaining
[2026-04-13 17:33:19] [S5-CHECK7] Taking state snapshot...
  Version: 2.10.0
  Registry: ? | Nursery: 31 | Born: ?
  Armed: ? | Open: ? | Closed: ?
  PnL: ? SOL | Trades: 25 | WR: 20%
  States: {}
  Blocked→Armed pipeline: 50 tokens blocked | 6 armed
  !! GATE VIOLATION: TAP - SELL_PRESSURE
  !! GATE VIOLATION: FATOU - SELL_PRESSURE
  !! GATE VIOLATION: HENRY - HISTORY
  FLOORED & READY: GoutGout MC=$17483 floor=$11237 aboveFloor=55.6%
  FLOORED & READY: Kangaroo MC=$5073 floor=$5073 aboveFloor=0%
  FLOORED & READY: ZUCKERBOT MC=$4106 floor=$4106 aboveFloor=0%
