[2026-04-13 16:39:57] ╔══════════════════════════════════════════════════════════════╗
[2026-04-13 16:39:57] ║  10-SESSION TRAINING LOOP — 150 MIN TOTAL                  ║
[2026-04-13 16:39:57] ║  Bot: https://2wallets-algo-production.up.railway.app                                            ║
[2026-04-13 16:39:57] ╚══════════════════════════════════════════════════════════════╝
[2026-04-13 16:39:57] [INIT] Snapshot:
[2026-04-13 16:39:58] 
[2026-04-13 16:39:58] ▓▓▓▓▓▓▓▓▓▓▓▓▓▓▓▓▓▓▓▓▓▓▓▓▓▓▓▓▓▓▓▓▓▓▓▓▓▓▓▓▓▓▓▓▓▓▓▓▓▓▓▓▓▓▓▓
[2026-04-13 16:39:58]   SESSION 1 / 10 — STARTING (Mon Apr 13 16:39:58 +07 2026)
[2026-04-13 16:39:58] ▓▓▓▓▓▓▓▓▓▓▓▓▓▓▓▓▓▓▓▓▓▓▓▓▓▓▓▓▓▓▓▓▓▓▓▓▓▓▓▓▓▓▓▓▓▓▓▓▓▓▓▓▓▓▓▓
[2026-04-13 16:39:58]   [S1] Check #1 — 15min left
[2026-04-13 16:39:58] [S1-C1] Snapshot:
[2026-04-13 16:39:58] Wallet comparison:
[2026-04-13 16:42:58]   [S1] Check #2 — 12min left
[2026-04-13 16:42:58] [S1-C2] Snapshot:
[2026-04-13 16:42:59] Wallet comparison:
[2026-04-13 16:45:59]   [S1] Check #3 — 8min left
[2026-04-13 16:45:59] [S1-C3] Snapshot:
[2026-04-13 16:46:00] Wallet comparison:
[2026-04-13 16:49:00]   [S1] Check #4 — 5min left
[2026-04-13 16:49:00] [S1-C4] Snapshot:
[2026-04-13 16:49:01] Wallet comparison:
[2026-04-13 16:52:01]   [S1] Check #5 — 2min left
[2026-04-13 16:52:01] [S1-C5] Snapshot:
[2026-04-13 16:52:02] Wallet comparison:
[2026-04-13 16:55:02] 
[2026-04-13 16:55:02] ════════════ SESSION 1 REVIEW ════════════
[2026-04-13 16:55:02] [S1-END] Snapshot:
[2026-04-13 16:55:03] Trade review:
